This is XeTeX, Version 3.14159265-2.6-0.99998 (TeX Live 2017) (preloaded format=xelatex 2018.2.27)  9 JUN 2018 10:23
entering extended mode
 restricted \write18 enabled.
 %&-line parsing enabled.
**perception_doc.tex
(./perception_doc.tex
LaTeX2e <2017-04-15>
Babel <3.10> and hyphenation patterns for 84 language(s) loaded.
(/usr/local/texlive/2017/texmf-dist/tex/latex/base/article.cls
Document Class: article 2014/09/29 v1.4h Standard LaTeX document class
(/usr/local/texlive/2017/texmf-dist/tex/latex/base/size12.clo
File: size12.clo 2014/09/29 v1.4h Standard LaTeX file (size option)
)
\c@part=\count79
\c@section=\count80
\c@subsection=\count81
\c@subsubsection=\count82
\c@paragraph=\count83
\c@subparagraph=\count84
\c@figure=\count85
\c@table=\count86
\abovecaptionskip=\skip41
\belowcaptionskip=\skip42
\bibindent=\dimen102
)
(/usr/local/texlive/2017/texmf-dist/tex/latex/amsmath/amsmath.sty
Package: amsmath 2016/11/05 v2.16a AMS math features
\@mathmargin=\skip43

For additional information on amsmath, use the `?' option.
(/usr/local/texlive/2017/texmf-dist/tex/latex/amsmath/amstext.sty
Package: amstext 2000/06/29 v2.01 AMS text

(/usr/local/texlive/2017/texmf-dist/tex/latex/amsmath/amsgen.sty
File: amsgen.sty 1999/11/30 v2.0 generic functions
\@emptytoks=\toks14
\ex@=\dimen103
))
(/usr/local/texlive/2017/texmf-dist/tex/latex/amsmath/amsbsy.sty
Package: amsbsy 1999/11/29 v1.2d Bold Symbols
\pmbraise@=\dimen104
)
(/usr/local/texlive/2017/texmf-dist/tex/latex/amsmath/amsopn.sty
Package: amsopn 2016/03/08 v2.02 operator names
)
\inf@bad=\count87
LaTeX Info: Redefining \frac on input line 213.
\uproot@=\count88
\leftroot@=\count89
LaTeX Info: Redefining \overline on input line 375.
\classnum@=\count90
\DOTSCASE@=\count91
LaTeX Info: Redefining \ldots on input line 472.
LaTeX Info: Redefining \dots on input line 475.
LaTeX Info: Redefining \cdots on input line 596.
\Mathstrutbox@=\box26
\strutbox@=\box27
\big@size=\dimen105
LaTeX Font Info:    Redeclaring font encoding OML on input line 712.
LaTeX Font Info:    Redeclaring font encoding OMS on input line 713.
\macc@depth=\count92
\c@MaxMatrixCols=\count93
\dotsspace@=\muskip10
\c@parentequation=\count94
\dspbrk@lvl=\count95
\tag@help=\toks15
\row@=\count96
\column@=\count97
\maxfields@=\count98
\andhelp@=\toks16
\eqnshift@=\dimen106
\alignsep@=\dimen107
\tagshift@=\dimen108
\tagwidth@=\dimen109
\totwidth@=\dimen110
\lineht@=\dimen111
\@envbody=\toks17
\multlinegap=\skip44
\multlinetaggap=\skip45
\mathdisplay@stack=\toks18
LaTeX Info: Redefining \[ on input line 2817.
LaTeX Info: Redefining \] on input line 2818.
)
(/usr/local/texlive/2017/texmf-dist/tex/latex/hyperref/hyperref.sty
Package: hyperref 2017/03/14 v6.85a Hypertext links for LaTeX

(/usr/local/texlive/2017/texmf-dist/tex/generic/oberdiek/hobsub-hyperref.sty
Package: hobsub-hyperref 2016/05/16 v1.14 Bundle oberdiek, subset hyperref (HO)


(/usr/local/texlive/2017/texmf-dist/tex/generic/oberdiek/hobsub-generic.sty
Package: hobsub-generic 2016/05/16 v1.14 Bundle oberdiek, subset generic (HO)
Package: hobsub 2016/05/16 v1.14 Construct package bundles (HO)
Package: infwarerr 2016/05/16 v1.4 Providing info/warning/error messages (HO)
Package: ltxcmds 2016/05/16 v1.23 LaTeX kernel commands for general use (HO)
Package: ifluatex 2016/05/16 v1.4 Provides the ifluatex switch (HO)
Package ifluatex Info: LuaTeX not detected.
Package: ifvtex 2016/05/16 v1.6 Detect VTeX and its facilities (HO)
Package ifvtex Info: VTeX not detected.
Package: intcalc 2016/05/16 v1.2 Expandable calculations with integers (HO)
Package: ifpdf 2017/03/15 v3.2 Provides the ifpdf switch
Package: etexcmds 2016/05/16 v1.6 Avoid name clashes with e-TeX commands (HO)
Package etexcmds Info: Could not find \expanded.
(etexcmds)             That can mean that you are not using pdfTeX 1.50 or
(etexcmds)             that some package has redefined \expanded.
(etexcmds)             In the latter case, load this package earlier.
Package: kvsetkeys 2016/05/16 v1.17 Key value parser (HO)
Package: kvdefinekeys 2016/05/16 v1.4 Define keys (HO)
Package: pdftexcmds 2017/03/19 v0.25 Utility functions of pdfTeX for LuaTeX (HO
)
Package pdftexcmds Info: LuaTeX not detected.
Package pdftexcmds Info: pdfTeX >= 1.30 not detected.
Package pdftexcmds Info: \pdf@primitive is available.
Package pdftexcmds Info: \pdf@ifprimitive is available.
Package pdftexcmds Info: \pdfdraftmode not found.
Package: pdfescape 2016/05/16 v1.14 Implements pdfTeX's escape features (HO)
Package: bigintcalc 2016/05/16 v1.4 Expandable calculations on big integers (HO
)
Package: bitset 2016/05/16 v1.2 Handle bit-vector datatype (HO)
Package: uniquecounter 2016/05/16 v1.3 Provide unlimited unique counter (HO)
)
Package hobsub Info: Skipping package `hobsub' (already loaded).
Package: letltxmacro 2016/05/16 v1.5 Let assignment for LaTeX macros (HO)
Package: hopatch 2016/05/16 v1.3 Wrapper for package hooks (HO)
Package: xcolor-patch 2016/05/16 xcolor patch
Package: atveryend 2016/05/16 v1.9 Hooks at the very end of document (HO)
Package atveryend Info: \enddocument detected (standard20110627).
Package: atbegshi 2016/06/09 v1.18 At begin shipout hook (HO)
Package: refcount 2016/05/16 v3.5 Data extraction from label references (HO)
Package: hycolor 2016/05/16 v1.8 Color options for hyperref/bookmark (HO)
)
(/usr/local/texlive/2017/texmf-dist/tex/latex/graphics/keyval.sty
Package: keyval 2014/10/28 v1.15 key=value parser (DPC)
\KV@toks@=\toks19
)
(/usr/local/texlive/2017/texmf-dist/tex/generic/ifxetex/ifxetex.sty
Package: ifxetex 2010/09/12 v0.6 Provides ifxetex conditional
)
(/usr/local/texlive/2017/texmf-dist/tex/latex/oberdiek/auxhook.sty
Package: auxhook 2016/05/16 v1.4 Hooks for auxiliary files (HO)
)
(/usr/local/texlive/2017/texmf-dist/tex/latex/oberdiek/kvoptions.sty
Package: kvoptions 2016/05/16 v3.12 Key value format for package options (HO)
)
\@linkdim=\dimen112
\Hy@linkcounter=\count99
\Hy@pagecounter=\count100

(/usr/local/texlive/2017/texmf-dist/tex/latex/hyperref/pd1enc.def
File: pd1enc.def 2017/03/14 v6.85a Hyperref: PDFDocEncoding definition (HO)
)
\Hy@SavedSpaceFactor=\count101

(/usr/local/texlive/2017/texmf-dist/tex/latex/latexconfig/hyperref.cfg
File: hyperref.cfg 2002/06/06 v1.2 hyperref configuration of TeXLive
)
Package hyperref Info: Hyper figures OFF on input line 4498.
Package hyperref Info: Link nesting OFF on input line 4503.
Package hyperref Info: Hyper index ON on input line 4506.
Package hyperref Info: Plain pages OFF on input line 4513.
Package hyperref Info: Backreferencing OFF on input line 4518.
Package hyperref Info: Implicit mode ON; LaTeX internals redefined.
Package hyperref Info: Bookmarks ON on input line 4751.
\c@Hy@tempcnt=\count102

(/usr/local/texlive/2017/texmf-dist/tex/latex/url/url.sty
\Urlmuskip=\muskip11
Package: url 2013/09/16  ver 3.4  Verb mode for urls, etc.
)
LaTeX Info: Redefining \url on input line 5104.
\XeTeXLinkMargin=\dimen113
\Fld@menulength=\count103
\Field@Width=\dimen114
\Fld@charsize=\dimen115
Package hyperref Info: Hyper figures OFF on input line 6358.
Package hyperref Info: Link nesting OFF on input line 6363.
Package hyperref Info: Hyper index ON on input line 6366.
Package hyperref Info: backreferencing OFF on input line 6373.
Package hyperref Info: Link coloring OFF on input line 6378.
Package hyperref Info: Link coloring with OCG OFF on input line 6383.
Package hyperref Info: PDF/A mode OFF on input line 6388.
LaTeX Info: Redefining \ref on input line 6428.
LaTeX Info: Redefining \pageref on input line 6432.
\Hy@abspage=\count104
\c@Item=\count105
\c@Hfootnote=\count106
)

Package hyperref Message: Driver (autodetected): hxetex.

(/usr/local/texlive/2017/texmf-dist/tex/latex/hyperref/hxetex.def
File: hxetex.def 2017/03/14 v6.85a Hyperref driver for XeTeX

(/usr/local/texlive/2017/texmf-dist/tex/latex/hyperref/puenc.def
File: puenc.def 2017/03/14 v6.85a Hyperref: PDF Unicode definition (HO)
)
(/usr/local/texlive/2017/texmf-dist/tex/generic/oberdiek/stringenc.sty
Package: stringenc 2016/05/16 v1.11 Convert strings between diff. encodings (HO
)
)
\pdfm@box=\box28
\c@Hy@AnnotLevel=\count107
\HyField@AnnotCount=\count108
\Fld@listcount=\count109
\c@bookmark@seq@number=\count110

(/usr/local/texlive/2017/texmf-dist/tex/latex/oberdiek/rerunfilecheck.sty
Package: rerunfilecheck 2016/05/16 v1.8 Rerun checks for auxiliary files (HO)
Package rerunfilecheck Info: Feature \pdfmdfivesum is not available
(rerunfilecheck)             (e.g. pdfTeX or LuaTeX with package `pdftexcmds').

(rerunfilecheck)             Therefore file contents cannot be checked efficien
tly
(rerunfilecheck)             and the loading of the package is aborted.
)
\Hy@SectionHShift=\skip46
)
(/usr/local/texlive/2017/texmf-dist/tex/latex/geometry/geometry.sty
Package: geometry 2010/09/12 v5.6 Page Geometry
\Gm@cnth=\count111
\Gm@cntv=\count112
\c@Gm@tempcnt=\count113
\Gm@bindingoffset=\dimen116
\Gm@wd@mp=\dimen117
\Gm@odd@mp=\dimen118
\Gm@even@mp=\dimen119
\Gm@layoutwidth=\dimen120
\Gm@layoutheight=\dimen121
\Gm@layouthoffset=\dimen122
\Gm@layoutvoffset=\dimen123
\Gm@dimlist=\toks20
)
(/usr/local/texlive/2017/texmf-dist/tex/latex/fontspec/fontspec.sty
(/usr/local/texlive/2017/texmf-dist/tex/latex/l3kernel/expl3.sty
Package: expl3 2017/05/13 L3 programming layer (loader) 

(/usr/local/texlive/2017/texmf-dist/tex/latex/l3kernel/expl3-code.tex
Package: expl3 2017/05/13 L3 programming layer (code)
\c_max_int=\count114
\l_tmpa_int=\count115
\l_tmpb_int=\count116
\g_tmpa_int=\count117
\g_tmpb_int=\count118
\g__prg_map_int=\count119
\c_log_iow=\count120
\l_iow_line_count_int=\count121
\l__iow_line_target_int=\count122
\l__iow_one_indent_int=\count123
\l__iow_indent_int=\count124
\c_zero_dim=\dimen124
\c_max_dim=\dimen125
\l_tmpa_dim=\dimen126
\l_tmpb_dim=\dimen127
\g_tmpa_dim=\dimen128
\g_tmpb_dim=\dimen129
\c_zero_skip=\skip47
\c_max_skip=\skip48
\l_tmpa_skip=\skip49
\l_tmpb_skip=\skip50
\g_tmpa_skip=\skip51
\g_tmpb_skip=\skip52
\c_zero_muskip=\muskip12
\c_max_muskip=\muskip13
\l_tmpa_muskip=\muskip14
\l_tmpb_muskip=\muskip15
\g_tmpa_muskip=\muskip16
\g_tmpb_muskip=\muskip17
\l_keys_choice_int=\count125
\c__fp_leading_shift_int=\count126
\c__fp_middle_shift_int=\count127
\c__fp_trailing_shift_int=\count128
\c__fp_big_leading_shift_int=\count129
\c__fp_big_middle_shift_int=\count130
\c__fp_big_trailing_shift_int=\count131
\c__fp_Bigg_leading_shift_int=\count132
\c__fp_Bigg_middle_shift_int=\count133
\c__fp_Bigg_trailing_shift_int=\count134
\l__sort_length_int=\count135
\l__sort_min_int=\count136
\l__sort_top_int=\count137
\l__sort_max_int=\count138
\l__sort_true_max_int=\count139
\l__sort_block_int=\count140
\l__sort_begin_int=\count141
\l__sort_end_int=\count142
\l__sort_A_int=\count143
\l__sort_B_int=\count144
\l__sort_C_int=\count145
\c_empty_box=\box29
\l_tmpa_box=\box30
\l_tmpb_box=\box31
\g_tmpa_box=\box32
\g_tmpb_box=\box33
\l__box_top_dim=\dimen130
\l__box_bottom_dim=\dimen131
\l__box_left_dim=\dimen132
\l__box_right_dim=\dimen133
\l__box_top_new_dim=\dimen134
\l__box_bottom_new_dim=\dimen135
\l__box_left_new_dim=\dimen136
\l__box_right_new_dim=\dimen137
\l__box_internal_box=\box34
\l__coffin_internal_box=\box35
\l__coffin_internal_dim=\dimen138
\l__coffin_offset_x_dim=\dimen139
\l__coffin_offset_y_dim=\dimen140
\l__coffin_x_dim=\dimen141
\l__coffin_y_dim=\dimen142
\l__coffin_x_prime_dim=\dimen143
\l__coffin_y_prime_dim=\dimen144
\c_empty_coffin=\box36
\l__coffin_aligned_coffin=\box37
\l__coffin_aligned_internal_coffin=\box38
\l_tmpa_coffin=\box39
\l_tmpb_coffin=\box40
\l__coffin_display_coffin=\box41
\l__coffin_display_coord_coffin=\box42
\l__coffin_display_pole_coffin=\box43
\l__coffin_display_offset_dim=\dimen145
\l__coffin_display_x_dim=\dimen146
\l__coffin_display_y_dim=\dimen147
\l__coffin_bounding_shift_dim=\dimen148
\l__coffin_left_corner_dim=\dimen149
\l__coffin_right_corner_dim=\dimen150
\l__coffin_bottom_corner_dim=\dimen151
\l__coffin_top_corner_dim=\dimen152
\l__coffin_scaled_total_height_dim=\dimen153
\l__coffin_scaled_width_dim=\dimen154
)
(/usr/local/texlive/2017/texmf-dist/tex/latex/l3kernel/l3xdvipdfmx.def
File: l3xdvidpfmx.def 2017/03/18 v L3 Experimental driver: xdvipdfmx
\l__driver_tmp_box=\box44
))
(/usr/local/texlive/2017/texmf-dist/tex/latex/l3packages/xparse/xparse.sty
Package: xparse 2017/05/13 L3 Experimental document command parser
\l__xparse_current_arg_int=\count146
\g__xparse_grabber_int=\count147
\l__xparse_m_args_int=\count148
\l__xparse_mandatory_args_int=\count149
\l__xparse_v_nesting_int=\count150
)
Package: fontspec 2017/03/31 v2.6a Font selection for XeLaTeX and LuaLaTeX

(/usr/local/texlive/2017/texmf-dist/tex/latex/fontspec/fontspec-xetex.sty
Package: fontspec-xetex 2017/03/31 v2.6a Font selection for XeLaTeX and LuaLaTe
X
\l__fontspec_script_int=\count151
\l__fontspec_language_int=\count152
\l__fontspec_strnum_int=\count153
\l__fontspec_tmp_int=\count154
\l__fontspec_em_int=\count155
\l__fontspec_emdef_int=\count156
\l__fontspec_strong_int=\count157
\l__fontspec_strongdef_int=\count158
\l__fontspec_tmpa_dim=\dimen155
\l__fontspec_tmpb_dim=\dimen156
\l__fontspec_tmpc_dim=\dimen157
\g__file_internal_ior=\read1

(/usr/local/texlive/2017/texmf-dist/tex/latex/base/fontenc.sty
Package: fontenc 2017/04/05 v2.0i Standard LaTeX package

(/usr/local/texlive/2017/texmf-dist/tex/latex/base/tuenc.def
File: tuenc.def 2017/04/05 v2.0i Standard LaTeX file
LaTeX Font Info:    Redeclaring font encoding TU on input line 82.
))
.................................................
. LaTeX info: "xparse/define-command"
. 
. Defining command \fontspec with sig. 'O{}mO{}' on line 472.
.................................................
.................................................
. LaTeX info: "xparse/define-command"
. 
. Defining command \setmainfont with sig. 'O{}mO{}' on line 483.
.................................................
.................................................
. LaTeX info: "xparse/define-command"
. 
. Defining command \setsansfont with sig. 'O{}mO{}' on line 503.
.................................................
.................................................
. LaTeX info: "xparse/define-command"
. 
. Defining command \setmonofont with sig. 'O{}mO{}' on line 523.
.................................................
.................................................
. LaTeX info: "xparse/define-command"
. 
. Defining command \setromanfont with sig. 'O{}mO{}' on line 543.
.................................................
.................................................
. LaTeX info: "xparse/define-command"
. 
. Defining command \setmathrm with sig. 'O{}mO{}' on line 547.
.................................................
.................................................
. LaTeX info: "xparse/define-command"
. 
. Defining command \setboldmathrm with sig. 'O{}mO{}' on line 555.
.................................................
.................................................
. LaTeX info: "xparse/define-command"
. 
. Defining command \setmathsf with sig. 'O{}mO{}' on line 563.
.................................................
.................................................
. LaTeX info: "xparse/define-command"
. 
. Defining command \setmathtt with sig. 'O{}mO{}' on line 571.
.................................................
.................................................
. LaTeX info: "xparse/define-command"
. 
. Defining command \newfontfamily with sig. 'mO{}mO{}' on line 586.
.................................................
.................................................
. LaTeX info: "xparse/define-command"
. 
. Defining command \newfontface with sig. 'mO{}mO{}' on line 603.
.................................................
.................................................
. LaTeX info: "xparse/define-command"
. 
. Defining command \defaultfontfeatures with sig. 't+om' on line 614.
.................................................
.................................................
. LaTeX info: "xparse/define-command"
. 
. Defining command \addfontfeatures with sig. 'm' on line 645.
.................................................
.................................................
. LaTeX info: "xparse/define-command"
. 
. Defining command \newfontfeature with sig. 'mm' on line 672.
.................................................
.................................................
. LaTeX info: "xparse/define-command"
. 
. Defining command \newAATfeature with sig. 'mmmm' on line 686.
.................................................
.................................................
. LaTeX info: "xparse/define-command"
. 
. Defining command \newopentypefeature with sig. 'mmm' on line 700.
.................................................
.................................................
. LaTeX info: "xparse/define-command"
. 
. Defining command \newICUfeature with sig. 'mmm' on line 720.
.................................................
.................................................
. LaTeX info: "xparse/define-command"
. 
. Defining command \aliasfontfeature with sig. 'mm' on line 724.
.................................................
.................................................
. LaTeX info: "xparse/define-command"
. 
. Defining command \aliasfontfeatureoption with sig. 'mmm' on line 745.
.................................................
.................................................
. LaTeX info: "xparse/define-command"
. 
. Defining command \newfontscript with sig. 'mm' on line 778.
.................................................
.................................................
. LaTeX info: "xparse/define-command"
. 
. Defining command \newfontlanguage with sig. 'mm' on line 782.
.................................................
.................................................
. LaTeX info: "xparse/define-command"
. 
. Defining command \DeclareFontsExtensions with sig. 'm' on line 786.
.................................................
.................................................
. LaTeX info: "xparse/define-command"
. 
. Defining command \IfFontFeatureActiveTF with sig. 'mmm' on line 797.
.................................................
.................................................
. LaTeX info: "xparse/define-command"
. 
. Defining command \EncodingCommand with sig. 'mO{}m' on line 3438.
.................................................
.................................................
. LaTeX info: "xparse/define-command"
. 
. Defining command \EncodingAccent with sig. 'mm' on line 3444.
.................................................
.................................................
. LaTeX info: "xparse/define-command"
. 
. Defining command \EncodingSymbol with sig. 'mm' on line 3450.
.................................................
.................................................
. LaTeX info: "xparse/define-command"
. 
. Defining command \EncodingComposite with sig. 'mmm' on line 3456.
.................................................
.................................................
. LaTeX info: "xparse/define-command"
. 
. Defining command \EncodingCompositeCommand with sig. 'mmm' on line 3462.
.................................................
.................................................
. LaTeX info: "xparse/define-command"
. 
. Defining command \DeclareUnicodeEncoding with sig. 'mm' on line 3487.
.................................................
.................................................
. LaTeX info: "xparse/define-command"
. 
. Defining command \UndeclareSymbol with sig. 'm' on line 3493.
.................................................
.................................................
. LaTeX info: "xparse/define-command"
. 
. Defining command \UndeclareComposite with sig. 'mm' on line 3501.
.................................................

(/usr/local/texlive/2017/texmf-dist/tex/latex/fontspec/fontspec.cfg)
LaTeX Info: Redefining \itshape on input line 3686.
LaTeX Info: Redefining \slshape on input line 3691.
LaTeX Info: Redefining \scshape on input line 3696.
LaTeX Info: Redefining \upshape on input line 3701.
LaTeX Info: Redefining \em on input line 3731.
LaTeX Info: Redefining \emph on input line 3756.
LaTeX Info: Redefining \- on input line 3807.
.................................................
. LaTeX info: "xparse/redefine-command"
. 
. Redefining command \oldstylenums with sig. 'm' on line 3902.
.................................................
.................................................
. LaTeX info: "xparse/define-command"
. 
. Defining command \liningnums with sig. 'm' on line 3906.
.................................................
))
(/usr/local/texlive/2017/texmf-dist/tex/latex/xltxtra/xltxtra.sty
Package: xltxtra 2016/01/21 v0.6 Improvements for the "XeLaTeX" format

(/usr/local/texlive/2017/texmf-dist/tex/latex/realscripts/realscripts.sty
Package: realscripts 2016/02/13 v0.3d Access OpenType subscripts and superscrip
ts
.................................................
. LaTeX info: "xparse/define-command"
. 
. Defining command \fakesubscript with sig. 'm' on line 19.
.................................................
.................................................
. LaTeX info: "xparse/define-command"
. 
. Defining command \fakesuperscript with sig. 'm' on line 22.
.................................................
.................................................
. LaTeX info: "xparse/redefine-command"
. 
. Redefining command \textsubscript with sig. 's' on line 25.
.................................................
.................................................
. LaTeX info: "xparse/redefine-command"
. 
. Redefining command \textsuperscript with sig. 's' on line 28.
.................................................
.................................................
. LaTeX info: "xparse/define-command"
. 
. Defining command \realsubscript with sig. 'm' on line 45.
.................................................
.................................................
. LaTeX info: "xparse/define-command"
. 
. Defining command \realsuperscript with sig. 'm' on line 60.
.................................................
.................................................
. LaTeX info: "xparse/define-command"
. 
. Defining command \textsubsuperscript with sig. 'sO{l}mm' on line 138.
.................................................
.................................................
. LaTeX info: "xparse/define-command"
. 
. Defining command \textsupersubscript with sig. 'sO{l}mm' on line 143.
.................................................
\subsupersep=\dimen158
)
(/usr/local/texlive/2017/texmf-dist/tex/latex/metalogo/metalogo.sty
Package: metalogo 2010/05/29 v0.12 Extended TeX logo macros

(/usr/local/texlive/2017/texmf-dist/tex/latex/graphics/graphicx.sty
Package: graphicx 2014/10/28 v1.0g Enhanced LaTeX Graphics (DPC,SPQR)

(/usr/local/texlive/2017/texmf-dist/tex/latex/graphics/graphics.sty
Package: graphics 2017/04/14 v1.1b Standard LaTeX Graphics (DPC,SPQR)

(/usr/local/texlive/2017/texmf-dist/tex/latex/graphics/trig.sty
Package: trig 2016/01/03 v1.10 sin cos tan (DPC)
)
(/usr/local/texlive/2017/texmf-dist/tex/latex/graphics-cfg/graphics.cfg
File: graphics.cfg 2016/06/04 v1.11 sample graphics configuration
)
Package graphics Info: Driver file: xetex.def on input line 99.

(/usr/local/texlive/2017/texmf-dist/tex/latex/graphics-def/xetex.def
File: xetex.def 2016/07/11 v4.10 LaTeX color/graphics driver for XeTeX (L3/RRM/
JK)
))
\Gin@req@height=\dimen159
\Gin@req@width=\dimen160
)
\xl@everylogo=\toks21
\xl@@everylogo=\toks22
LaTeX Info: Redefining \TeX on input line 193.
LaTeX Info: Redefining \LaTeX on input line 202.
LaTeX Info: Redefining \LaTeXe on input line 219.
)
\l__xetex_show_hyphens_wrapping_box=\box45
\l__xetex_show_hyphens_temp_box=\box46
\l__xetex_show_hyphens_final_box=\box47
\g__xetex_show_hyphens_word_box=\box48
)
(/usr/local/texlive/2017/texmf-dist/tex/xelatex/xunicode/xunicode.sty
File: xunicode.sty 2011/09/09 v0.981 provides access to latin accents and many 
other characters in Unicode lower plane

(/usr/local/texlive/2017/texmf-dist/tex/latex/tipa/t3enc.def
File: t3enc.def 2001/12/31 T3 encoding
)
\tipaTiiicode=\count159
\tipasavetokens=\toks23
\tipachecktokens=\toks24
)
(/usr/local/texlive/2017/texmf-dist/tex/latex/setspace/setspace.sty
Package: setspace 2011/12/19 v6.7a set line spacing
)
(/usr/local/texlive/2017/texmf-dist/tex/latex/booktabs/booktabs.sty
Package: booktabs 2016/04/27 v1.618033 publication quality tables
\heavyrulewidth=\dimen161
\lightrulewidth=\dimen162
\cmidrulewidth=\dimen163
\belowrulesep=\dimen164
\belowbottomsep=\dimen165
\aboverulesep=\dimen166
\abovetopsep=\dimen167
\cmidrulesep=\dimen168
\cmidrulekern=\dimen169
\defaultaddspace=\dimen170
\@cmidla=\count160
\@cmidlb=\count161
\@aboverulesep=\dimen171
\@belowrulesep=\dimen172
\@thisruleclass=\count162
\@lastruleclass=\count163
\@thisrulewidth=\dimen173
)
(/usr/local/texlive/2017/texmf-dist/tex/latex/float/float.sty
Package: float 2001/11/08 v1.3d Float enhancements (AL)
\c@float@type=\count164
\float@exts=\toks25
\float@box=\box49
\@float@everytoks=\toks26
\@floatcapt=\box50
)
(/usr/local/texlive/2017/texmf-dist/tex/latex/changepage/changepage.sty
Package: changepage 2009/10/20 v1.0c check page and change page layout
\c@cp@cntr=\count165
\cp@tempcnt=\count166
)
.................................................
. fontspec info: "no-scripts"
. 
. Font "Heiti SC" does not contain any OpenType `Script' information.
.................................................
\g__fontspec_family_HeitiSC_int=\count167
.................................................
. fontspec info: "no-font-shape"
. 
. Could not resolve font "Heiti SC/I" (it probably doesn't exist).
.................................................
.................................................
. fontspec info: "defining-font"
. 
. Font family 'HeitiSC(0)' created for font 'Heiti SC' with options
. [Mapping=tex-text,Ligatures=TeX].
.  
.  This font family consists of the following NFSS series/shapes:
.  
. - 'normal' (m/n) with NFSS spec.: <->"Heiti SC/AAT:mapping=tex-text;"
. - 'small caps'  (m/sc) with NFSS spec.: 
. - 'bold' (bx/n) with NFSS spec.: <->"Heiti SC/B/AAT:mapping=tex-text;"
. - 'bold small caps'  (bx/sc) with NFSS spec.: 
. - 'bold italic' (bx/it) with NFSS spec.: <->"Heiti
. SC/BI/AAT:mapping=tex-text;"
. - 'bold italic small caps'  (bx/itsc) with NFSS spec.: 
.................................................
LaTeX Info: Redefining \rmfamily on input line 20.

(./perception_doc.aux)
\openout1 = `perception_doc.aux'.

LaTeX Font Info:    Checking defaults for OML/cmm/m/it on input line 29.
LaTeX Font Info:    ... okay on input line 29.
LaTeX Font Info:    Checking defaults for T1/cmr/m/n on input line 29.
LaTeX Font Info:    ... okay on input line 29.
LaTeX Font Info:    Checking defaults for OT1/cmr/m/n on input line 29.
LaTeX Font Info:    ... okay on input line 29.
LaTeX Font Info:    Checking defaults for OMS/cmsy/m/n on input line 29.
LaTeX Font Info:    ... okay on input line 29.
LaTeX Font Info:    Checking defaults for TU/lmr/m/n on input line 29.
LaTeX Font Info:    ... okay on input line 29.
LaTeX Font Info:    Checking defaults for OMX/cmex/m/n on input line 29.
LaTeX Font Info:    ... okay on input line 29.
LaTeX Font Info:    Checking defaults for U/cmr/m/n on input line 29.
LaTeX Font Info:    ... okay on input line 29.
LaTeX Font Info:    Checking defaults for PD1/pdf/m/n on input line 29.
LaTeX Font Info:    ... okay on input line 29.
LaTeX Font Info:    Checking defaults for PU/pdf/m/n on input line 29.
LaTeX Font Info:    ... okay on input line 29.
LaTeX Font Info:    Checking defaults for T3/cmr/m/n on input line 29.
LaTeX Font Info:    Try loading font information for T3+cmr on input line 29.

(/usr/local/texlive/2017/texmf-dist/tex/latex/tipa/t3cmr.fd
File: t3cmr.fd 2001/12/31 TIPA font definitions
)
LaTeX Font Info:    ... okay on input line 29.
\AtBeginShipoutBox=\box51
Package hyperref Info: Link coloring OFF on input line 29.

(/usr/local/texlive/2017/texmf-dist/tex/latex/hyperref/nameref.sty
Package: nameref 2016/05/21 v2.44 Cross-referencing by name of section

(/usr/local/texlive/2017/texmf-dist/tex/generic/oberdiek/gettitlestring.sty
Package: gettitlestring 2016/05/16 v1.5 Cleanup title references (HO)
)
\c@section@level=\count168
)
LaTeX Info: Redefining \ref on input line 29.
LaTeX Info: Redefining \pageref on input line 29.
LaTeX Info: Redefining \nameref on input line 29.

(./perception_doc.out) (./perception_doc.out)
\@outlinefile=\write3
\openout3 = `perception_doc.out'.


*geometry* driver: auto-detecting
*geometry* detected driver: xetex
*geometry* verbose mode - [ preamble ] result:
* driver: xetex
* paper: <default>
* layout: <same size as paper>
* layoutoffset:(h,v)=(0.0pt,0.0pt)
* modes: 
* h-part:(L,W,R)=(56.9055pt, 500.484pt, 56.9055pt)
* v-part:(T,H,B)=(28.45274pt, 709.61174pt, 56.9055pt)
* \paperwidth=614.295pt
* \paperheight=794.96999pt
* \textwidth=500.484pt
* \textheight=709.61174pt
* \oddsidemargin=-15.36449pt
* \evensidemargin=-15.36449pt
* \topmargin=-80.81725pt
* \headheight=12.0pt
* \headsep=25.0pt
* \topskip=12.0pt
* \footskip=30.0pt
* \marginparwidth=44.0pt
* \marginparsep=10.0pt
* \columnsep=10.0pt
* \skip\footins=10.8pt plus 4.0pt minus 2.0pt
* \hoffset=0.0pt
* \voffset=0.0pt
* \mag=1000
* \@twocolumnfalse
* \@twosidefalse
* \@mparswitchfalse
* \@reversemarginfalse
* (1in=72.27pt=25.4mm, 1cm=28.453pt)

.................................................
. fontspec info: "setup-math"
. 
. Adjusting the maths setup (use [no-math] to avoid this).
.................................................
\symlegacymaths=\mathgroup4
LaTeX Font Info:    Overwriting symbol font `legacymaths' in version `bold'
(Font)                  OT1/cmr/m/n --> OT1/cmr/bx/n on input line 29.
LaTeX Font Info:    Redeclaring math accent \acute on input line 29.
LaTeX Font Info:    Redeclaring math accent \grave on input line 29.
LaTeX Font Info:    Redeclaring math accent \ddot on input line 29.
LaTeX Font Info:    Redeclaring math accent \tilde on input line 29.
LaTeX Font Info:    Redeclaring math accent \bar on input line 29.
LaTeX Font Info:    Redeclaring math accent \breve on input line 29.
LaTeX Font Info:    Redeclaring math accent \check on input line 29.
LaTeX Font Info:    Redeclaring math accent \hat on input line 29.
LaTeX Font Info:    Redeclaring math accent \dot on input line 29.
LaTeX Font Info:    Redeclaring math accent \mathring on input line 29.
LaTeX Font Info:    Redeclaring math symbol \Gamma on input line 29.
LaTeX Font Info:    Redeclaring math symbol \Delta on input line 29.
LaTeX Font Info:    Redeclaring math symbol \Theta on input line 29.
LaTeX Font Info:    Redeclaring math symbol \Lambda on input line 29.
LaTeX Font Info:    Redeclaring math symbol \Xi on input line 29.
LaTeX Font Info:    Redeclaring math symbol \Pi on input line 29.
LaTeX Font Info:    Redeclaring math symbol \Sigma on input line 29.
LaTeX Font Info:    Redeclaring math symbol \Upsilon on input line 29.
LaTeX Font Info:    Redeclaring math symbol \Phi on input line 29.
LaTeX Font Info:    Redeclaring math symbol \Psi on input line 29.
LaTeX Font Info:    Redeclaring math symbol \Omega on input line 29.
LaTeX Font Info:    Redeclaring math symbol \mathdollar on input line 29.
LaTeX Font Info:    Redeclaring symbol font `operators' on input line 29.
LaTeX Font Info:    Encoding `OT1' has changed to `TU' for symbol font
(Font)              `operators' in the math version `normal' on input line 29.
LaTeX Font Info:    Overwriting symbol font `operators' in version `normal'
(Font)                  OT1/cmr/m/n --> TU/HeitiSC(0)/m/n on input line 29.
LaTeX Font Info:    Encoding `OT1' has changed to `TU' for symbol font
(Font)              `operators' in the math version `bold' on input line 29.
LaTeX Font Info:    Overwriting symbol font `operators' in version `bold'
(Font)                  OT1/cmr/bx/n --> TU/HeitiSC(0)/m/n on input line 29.
LaTeX Font Info:    Overwriting symbol font `operators' in version `normal'
(Font)                  TU/HeitiSC(0)/m/n --> TU/HeitiSC(0)/m/n on input line 2
9.
LaTeX Font Info:    Overwriting math alphabet `\mathit' in version `normal'
(Font)                  OT1/cmr/m/it --> TU/HeitiSC(0)/m/it on input line 29.
LaTeX Font Info:    Overwriting math alphabet `\mathbf' in version `normal'
(Font)                  OT1/cmr/bx/n --> TU/HeitiSC(0)/bx/n on input line 29.
LaTeX Font Info:    Overwriting math alphabet `\mathsf' in version `normal'
(Font)                  OT1/cmss/m/n --> TU/lmss/m/n on input line 29.
LaTeX Font Info:    Overwriting math alphabet `\mathtt' in version `normal'
(Font)                  OT1/cmtt/m/n --> TU/lmtt/m/n on input line 29.
LaTeX Font Info:    Overwriting symbol font `operators' in version `bold'
(Font)                  TU/HeitiSC(0)/m/n --> TU/HeitiSC(0)/bx/n on input line 
29.
LaTeX Font Info:    Overwriting math alphabet `\mathit' in version `bold'
(Font)                  OT1/cmr/bx/it --> TU/HeitiSC(0)/bx/it on input line 29.

LaTeX Font Info:    Overwriting math alphabet `\mathsf' in version `bold'
(Font)                  OT1/cmss/bx/n --> TU/lmss/bx/n on input line 29.
LaTeX Font Info:    Overwriting math alphabet `\mathtt' in version `bold'
(Font)                  OT1/cmtt/m/n --> TU/lmtt/bx/n on input line 29.

Overfull \hbox (3.516pt too wide) in paragraph at lines 38--39
\TU/HeitiSC(0)/m/n/12 点云预处理包括去除地面点和噪声点去除。去除地面点使用作业二中所使用方法，对于每一个幅
 []


Overfull \hbox (3.516pt too wide) in paragraph at lines 38--39
\TU/HeitiSC(0)/m/n/12 角上的点，按照距离原点远近排序后，遍历所有点，依据连续两点连线与地面夹角的大小来判断
 []


Overfull \hbox (3.516pt too wide) in paragraph at lines 38--39
\TU/HeitiSC(0)/m/n/12 是否为障碍点。噪声点去除方法较为简易，对于每一个点周围固定范围内点数小于一定的阈值则
 []


Overfull \hbox (1.395pt too wide) in paragraph at lines 40--41
\TU/HeitiSC(0)/m/n/12 将以本车为原点，30米范围内所有点归入$\OT1/cmr/m/n/12 100 \OMS/cmsy/m/n/12 
^^B \OT1/cmr/m/n/12 100$\TU/HeitiSC(0)/m/n/12 的栅格中，对于每一格统计最大高度与最小高
 []


Overfull \hbox (3.516pt too wide) in paragraph at lines 40--41
\TU/HeitiSC(0)/m/n/12 度之差，如果大于一定阈值则标记为障碍点。标定完成后，对栅格进行连通块搜索，同一连通块
 []

(/usr/local/texlive/2017/texmf-dist/tex/generic/oberdiek/se-ascii-print.def
File: se-ascii-print.def 2016/05/16 v1.11 stringenc: Printable ASCII characters

)
[1

]
Overfull \hbox (7.92801pt too wide) in paragraph at lines 42--63
\TU/HeitiSC(0)/m/n/12 对于上一步骤提取出的障碍物内所有点提取特征[[]]，主要包括如下特征 其中Lalonde特征为参考
 []


Overfull \hbox (7.22401pt too wide) in paragraph at lines 42--63
\TU/HeitiSC(0)/m/n/12 Lalonde等人[[]]提出的一种基于局部特征的直方图统计量。对于每个点周围的20个邻近点，计算
 []


Overfull \hbox (11.14801pt too wide) in paragraph at lines 42--63
\TU/HeitiSC(0)/m/n/12 Anguelov特征为参考Anguelov等人[[]]提出的一种基于局部特征的直方图统计量。对于每个点取
 []


Overfull \hbox (2.784pt too wide) in paragraph at lines 42--63
\TU/HeitiSC(0)/m/n/12 周围直径为0.1米，母线长2米的圆柱体内所有点，将所有点从上至下等距离划分为三个部分，统
 []


Overfull \hbox (4.56912pt too wide) in paragraph at lines 42--63
\TU/HeitiSC(0)/m/n/12 计每个部分的数量$\OML/cmm/m/it/12 A[]; A[]; A[]$\TU/HeitiSC(0)/m/
n/12 ，并做归一化处理。对于所有$\OML/cmm/m/it/12 A[]; A[]; A[]$\TU/HeitiSC(0)/m/n/12 求分组为4的直
方图统计，因
 []


Overfull \hbox (4.83601pt too wide) in paragraph at lines 64--65
\TU/HeitiSC(0)/m/n/12 本项目中使用SVM作为分类器。使用了SVM-Light项目[[]]的源代码。将已打标的数据提取特征后
 []


Overfull \hbox (4.944pt too wide) in paragraph at lines 64--65
\TU/HeitiSC(0)/m/n/12 使用SVM训练，训练好的模型已经放入项目文件夹中留作在线分类使用。在线分类时，提取特征
 []

[2]
Package atveryend Info: Empty hook `BeforeClearDocument' on input line 74.
 [3]
Package atveryend Info: Empty hook `AfterLastShipout' on input line 74.
 (./perception_doc.aux)
Package atveryend Info: Empty hook `AtVeryEndDocument' on input line 74.
Package atveryend Info: Empty hook `AtEndAfterFileList' on input line 74.
Package atveryend Info: Empty hook `AtVeryVeryEnd' on input line 74.
 ) 
Here is how much of TeX's memory you used:
 21186 strings out of 493005
 383872 string characters out of 6134596
 448314 words of memory out of 5000000
 25032 multiletter control sequences out of 15000+600000
 8926 words of font info for 51 fonts, out of 8000000 for 9000
 1348 hyphenation exceptions out of 8191
 39i,8n,66p,10375b,339s stack positions out of 5000i,500n,10000p,200000b,80000s

Output written on perception_doc.pdf (3 pages).
